#! /usr/bin/vvp
:ivl_version "0.9.7 " "(v0_9_7)";
:vpi_time_precision - 12;
:vpi_module "system";
:vpi_module "v2005_math";
:vpi_module "va_math";
S_0x24f16f0 .scope module, "DECODER" "DECODER" 2 57;
 .timescale -9 -12;
v0x24f17e0_0 .net "i0", 0 0, C4<z>; 0 drivers
v0x253fe30_0 .net "i1", 0 0, C4<z>; 0 drivers
v0x253fed0_0 .net "i2", 0 0, C4<z>; 0 drivers
v0x253ff70_0 .var "o0", 0 0;
v0x2540020_0 .var "o1", 0 0;
v0x25400c0_0 .var "o2", 0 0;
v0x25401a0_0 .var "o3", 0 0;
v0x2540240_0 .var "o4", 0 0;
v0x2540330_0 .var "o5", 0 0;
v0x25403d0_0 .var "o6", 0 0;
v0x25404d0_0 .var "o7", 0 0;
E_0x24f16c0 .event edge, v0x253fed0_0, v0x253fe30_0, v0x24f17e0_0;
    .scope S_0x24f16f0;
T_0 ;
    %wait E_0x24f16c0;
    %load/v 8, v0x253fed0_0, 1;
    %cmpi/u 8, 0, 1;
    %jmp/1 T_0.0, 6;
    %cmpi/u 8, 1, 1;
    %jmp/1 T_0.1, 6;
    %jmp T_0.2;
T_0.0 ;
    %load/v 8, v0x253fe30_0, 1;
    %cmpi/u 8, 0, 1;
    %jmp/1 T_0.3, 6;
    %cmpi/u 8, 1, 1;
    %jmp/1 T_0.4, 6;
    %jmp T_0.5;
T_0.3 ;
    %load/v 8, v0x24f17e0_0, 1;
    %cmpi/u 8, 0, 1;
    %jmp/1 T_0.6, 6;
    %cmpi/u 8, 1, 1;
    %jmp/1 T_0.7, 6;
    %jmp T_0.8;
T_0.6 ;
    %set/v v0x25404d0_0, 0, 1;
    %set/v v0x25403d0_0, 0, 1;
    %set/v v0x2540330_0, 0, 1;
    %set/v v0x2540240_0, 0, 1;
    %set/v v0x25401a0_0, 0, 1;
    %set/v v0x25400c0_0, 0, 1;
    %set/v v0x2540020_0, 0, 1;
    %set/v v0x253ff70_0, 1, 1;
    %jmp T_0.8;
T_0.7 ;
    %set/v v0x25404d0_0, 0, 1;
    %set/v v0x25403d0_0, 0, 1;
    %set/v v0x2540330_0, 0, 1;
    %set/v v0x2540240_0, 0, 1;
    %set/v v0x25401a0_0, 0, 1;
    %set/v v0x25400c0_0, 0, 1;
    %set/v v0x2540020_0, 1, 1;
    %set/v v0x253ff70_0, 0, 1;
    %jmp T_0.8;
T_0.8 ;
    %jmp T_0.5;
T_0.4 ;
    %load/v 8, v0x24f17e0_0, 1;
    %cmpi/u 8, 0, 1;
    %jmp/1 T_0.9, 6;
    %cmpi/u 8, 1, 1;
    %jmp/1 T_0.10, 6;
    %jmp T_0.11;
T_0.9 ;
    %set/v v0x25404d0_0, 0, 1;
    %set/v v0x25403d0_0, 0, 1;
    %set/v v0x2540330_0, 0, 1;
    %set/v v0x2540240_0, 0, 1;
    %set/v v0x25401a0_0, 0, 1;
    %set/v v0x25400c0_0, 1, 1;
    %set/v v0x2540020_0, 0, 1;
    %set/v v0x253ff70_0, 0, 1;
    %jmp T_0.11;
T_0.10 ;
    %set/v v0x25404d0_0, 0, 1;
    %set/v v0x25403d0_0, 0, 1;
    %set/v v0x2540330_0, 0, 1;
    %set/v v0x2540240_0, 0, 1;
    %set/v v0x25401a0_0, 1, 1;
    %set/v v0x25400c0_0, 0, 1;
    %set/v v0x2540020_0, 0, 1;
    %set/v v0x253ff70_0, 0, 1;
    %jmp T_0.11;
T_0.11 ;
    %jmp T_0.5;
T_0.5 ;
    %jmp T_0.2;
T_0.1 ;
    %load/v 8, v0x253fe30_0, 1;
    %cmpi/u 8, 0, 1;
    %jmp/1 T_0.12, 6;
    %cmpi/u 8, 1, 1;
    %jmp/1 T_0.13, 6;
    %jmp T_0.14;
T_0.12 ;
    %load/v 8, v0x24f17e0_0, 1;
    %cmpi/u 8, 0, 1;
    %jmp/1 T_0.15, 6;
    %cmpi/u 8, 1, 1;
    %jmp/1 T_0.16, 6;
    %jmp T_0.17;
T_0.15 ;
    %set/v v0x25404d0_0, 0, 1;
    %set/v v0x25403d0_0, 0, 1;
    %set/v v0x2540330_0, 0, 1;
    %set/v v0x2540240_0, 1, 1;
    %set/v v0x25401a0_0, 0, 1;
    %set/v v0x25400c0_0, 0, 1;
    %set/v v0x2540020_0, 0, 1;
    %set/v v0x253ff70_0, 0, 1;
    %jmp T_0.17;
T_0.16 ;
    %set/v v0x25404d0_0, 0, 1;
    %set/v v0x25403d0_0, 0, 1;
    %set/v v0x2540330_0, 1, 1;
    %set/v v0x2540240_0, 0, 1;
    %set/v v0x25401a0_0, 0, 1;
    %set/v v0x25400c0_0, 0, 1;
    %set/v v0x2540020_0, 0, 1;
    %set/v v0x253ff70_0, 0, 1;
    %jmp T_0.17;
T_0.17 ;
    %jmp T_0.14;
T_0.13 ;
    %load/v 8, v0x24f17e0_0, 1;
    %cmpi/u 8, 0, 1;
    %jmp/1 T_0.18, 6;
    %cmpi/u 8, 1, 1;
    %jmp/1 T_0.19, 6;
    %jmp T_0.20;
T_0.18 ;
    %set/v v0x25404d0_0, 0, 1;
    %set/v v0x25403d0_0, 1, 1;
    %set/v v0x2540330_0, 0, 1;
    %set/v v0x2540240_0, 0, 1;
    %set/v v0x25401a0_0, 0, 1;
    %set/v v0x25400c0_0, 0, 1;
    %set/v v0x2540020_0, 0, 1;
    %set/v v0x253ff70_0, 0, 1;
    %jmp T_0.20;
T_0.19 ;
    %set/v v0x25404d0_0, 1, 1;
    %set/v v0x25403d0_0, 0, 1;
    %set/v v0x2540330_0, 0, 1;
    %set/v v0x2540240_0, 0, 1;
    %set/v v0x25401a0_0, 0, 1;
    %set/v v0x25400c0_0, 0, 1;
    %set/v v0x2540020_0, 0, 1;
    %set/v v0x253ff70_0, 0, 1;
    %jmp T_0.20;
T_0.20 ;
    %jmp T_0.14;
T_0.14 ;
    %jmp T_0.2;
T_0.2 ;
    %jmp T_0;
    .thread T_0, $push;
# The file index is used to find the file name in the following table.
:file_names 3;
    "N/A";
    "<interactive>";
    "DECODER.v";
